0 info it worked if it ends with ok
1 verbose cli [ 'D:\\nodejs\\node.exe',
1 verbose cli   'C:\\Users\\Administrator\\AppData\\Roaming\\npm\\node_modules\\npm\\bin\\npm-cli.js',
1 verbose cli   'run',
1 verbose cli   'start' ]
2 info using npm@3.10.6
3 info using node@v6.9.1
4 verbose run-script [ 'prestart', 'start', 'poststart' ]
5 info lifecycle boom@1.0.0~prestart: boom@1.0.0
6 silly lifecycle boom@1.0.0~prestart: no script for prestart, continuing
7 info lifecycle boom@1.0.0~start: boom@1.0.0
8 verbose lifecycle boom@1.0.0~start: unsafe-perm in lifecycle true
9 verbose lifecycle boom@1.0.0~start: PATH: C:\Users\Administrator\AppData\Roaming\npm\node_modules\npm\bin\node-gyp-bin;E:\developer\boom\node_modules\.bin;D:\Ruby23-x64\bin;C:\ProgramData\Oracle\Java\javapath;C:\Windows\system32;C:\Windows;C:\Windows\System32\Wbem;C:\Windows\System32\WindowsPowerShell\v1.0\;C:\Program Files (x86)\SinoVoice\jTTS 5.0 Desktop\Bin;C:\Program Files\TortoiseSVN\bin;C:\Program Files\Java\jdk1.8.0_101\bin;C:\Program Files\Java\jdk1.8.0_101\jre\bin;D:\apache-tomcat-9.0.0.M9\lib;D:\apache-tomcat-9.0.0.M9\bin;C:\Program Files\Git\cmd;D:\nodejs\;D:\tortoisegit\bin;D:\nginx-1.10.2;C:\Users\Administrator\AppData\Roaming\npm
10 verbose lifecycle boom@1.0.0~start: CWD: E:\developer\boom
11 silly lifecycle boom@1.0.0~start: Args: [ '/d /s /c', 'npm run build && npm run pro' ]
12 silly lifecycle boom@1.0.0~start: Returned: code: 1  signal: null
13 info lifecycle boom@1.0.0~start: Failed to exec start script
14 verbose stack Error: boom@1.0.0 start: `npm run build && npm run pro`
14 verbose stack Exit status 1
14 verbose stack     at EventEmitter.<anonymous> (C:\Users\Administrator\AppData\Roaming\npm\node_modules\npm\lib\utils\lifecycle.js:255:16)
14 verbose stack     at emitTwo (events.js:106:13)
14 verbose stack     at EventEmitter.emit (events.js:191:7)
14 verbose stack     at ChildProcess.<anonymous> (C:\Users\Administrator\AppData\Roaming\npm\node_modules\npm\lib\utils\spawn.js:40:14)
14 verbose stack     at emitTwo (events.js:106:13)
14 verbose stack     at ChildProcess.emit (events.js:191:7)
14 verbose stack     at maybeClose (internal/child_process.js:877:16)
14 verbose stack     at Process.ChildProcess._handle.onexit (internal/child_process.js:226:5)
15 verbose pkgid boom@1.0.0
16 verbose cwd E:\developer\boom
17 error Windows_NT 6.1.7601
18 error argv "D:\\nodejs\\node.exe" "C:\\Users\\Administrator\\AppData\\Roaming\\npm\\node_modules\\npm\\bin\\npm-cli.js" "run" "start"
19 error node v6.9.1
20 error npm  v3.10.6
21 error code ELIFECYCLE
22 error boom@1.0.0 start: `npm run build && npm run pro`
22 error Exit status 1
23 error Failed at the boom@1.0.0 start script 'npm run build && npm run pro'.
23 error Make sure you have the latest version of node.js and npm installed.
23 error If you do, this is most likely a problem with the boom package,
23 error not with npm itself.
23 error Tell the author that this fails on your system:
23 error     npm run build && npm run pro
23 error You can get information on how to open an issue for this project with:
23 error     npm bugs boom
23 error Or if that isn't available, you can get their info via:
23 error     npm owner ls boom
23 error There is likely additional logging output above.
24 verbose exit [ 1, true ]
